2020-01-31 12:55:43,535:__main__:INFO:Testing..
2020-01-31 12:55:43,539:__main__:INFO:path exists...
2020-01-31 12:55:43,540:__main__:INFO:Checking gits repos for /home/preeyash/Desktop/Projects/Python.....
2020-01-31 12:55:43,540:__main__:INFO:git already initialised for /home/preeyash/Desktop/Projects/Python/WebScraper
2020-01-31 12:55:43,541:__main__:INFO:git already initialised for /home/preeyash/Desktop/Projects/Python/SpriteWebsite
2020-01-31 12:55:43,542:__main__:INFO:git already initialised for /home/preeyash/Desktop/Projects/Python/GitAutomation
2020-01-31 12:55:44,068:root:INFO:authenticated successfully
2020-01-31 12:55:44,069:root:INFO:{'User-Agent': 'python-requests/2.22.0', 'Accept-Encoding': 'gzip, deflate', 'Accept': '*/*', 'Connection': 'keep-alive', 'Authorization': 'token 69a84d0c58f832299f911644d7cc2f3386884075'}
2020-01-31 13:12:36,470:__main__:INFO:Testing..
2020-01-31 13:12:36,473:__main__:INFO:path exists...
2020-01-31 13:12:36,474:__main__:INFO:Checking gits repos for /home/preeyash/Desktop/Projects/Python.....
2020-01-31 13:12:36,474:__main__:INFO:git already initialised for /home/preeyash/Desktop/Projects/Python/WebScraper
2020-01-31 13:12:36,475:__main__:INFO:git already initialised for /home/preeyash/Desktop/Projects/Python/SpriteWebsite
2020-01-31 13:12:36,475:__main__:INFO:git already initialised for /home/preeyash/Desktop/Projects/Python/GitAutomation
2020-01-31 13:12:37,026:root:INFO:authenticated successfully
2020-01-31 13:12:37,272:root:INFO:{'Date': 'Fri, 31 Jan 2020 02:12:37 GMT', 'Content-Type': 'application/json; charset=utf-8', 'Transfer-Encoding': 'chunked', 'Server': 'GitHub.com', 'Status': '200 OK', 'X-RateLimit-Limit': '5000', 'X-RateLimit-Remaining': '4986', 'X-RateLimit-Reset': '1580438825', 'Cache-Control': 'private, max-age=60, s-maxage=60', 'Vary': 'Accept, Authorization, Cookie, X-GitHub-OTP, Accept-Encoding', 'ETag': 'W/"2283cf7d4500cc1350e30218601c4660"', 'X-OAuth-Scopes': 'delete:packages, delete_repo, gist, read:packages, repo, write:packages', 'X-Accepted-OAuth-Scopes': '', 'X-GitHub-Media-Type': 'github.v3; format=json', 'Access-Control-Expose-Headers': 'ETag, Link, Location, Retry-After, X-GitHub-OTP, X-RateLimit-Limit, X-RateLimit-Remaining, X-RateLimit-Reset, X-OAuth-Scopes, X-Accepted-OAuth-Scopes, X-Poll-Interval, X-GitHub-Media-Type', 'Access-Control-Allow-Origin': '*', 'Strict-Transport-Security': 'max-age=31536000; includeSubdomains; preload', 'X-Frame-Options': 'deny', 'X-Content-Type-Options': 'nosniff', 'X-XSS-Protection': '1; mode=block', 'Referrer-Policy': 'origin-when-cross-origin, strict-origin-when-cross-origin', 'Content-Security-Policy': "default-src 'none'", 'Content-Encoding': 'gzip', 'X-GitHub-Request-Id': 'ED68:1AFD:64EB60:74714A:5E338D15'}
2020-01-31 13:13:09,764:__main__:INFO:Testing..
2020-01-31 13:13:09,768:__main__:INFO:path exists...
2020-01-31 13:13:09,769:__main__:INFO:Checking gits repos for /home/preeyash/Desktop/Projects/Python.....
2020-01-31 13:13:09,769:__main__:INFO:git already initialised for /home/preeyash/Desktop/Projects/Python/WebScraper
2020-01-31 13:13:09,770:__main__:INFO:git already initialised for /home/preeyash/Desktop/Projects/Python/SpriteWebsite
2020-01-31 13:13:09,770:__main__:INFO:git already initialised for /home/preeyash/Desktop/Projects/Python/GitAutomation
2020-01-31 13:13:10,288:root:INFO:authenticated successfully
2020-01-31 13:13:10,533:root:INFO:{'Date': 'Fri, 31 Jan 2020 02:13:10 GMT', 'Content-Type': 'application/json; charset=utf-8', 'Transfer-Encoding': 'chunked', 'Server': 'GitHub.com', 'Status': '200 OK', 'X-RateLimit-Limit': '5000', 'X-RateLimit-Remaining': '4983', 'X-RateLimit-Reset': '1580438824', 'Cache-Control': 'private, max-age=60, s-maxage=60', 'Vary': 'Accept, Authorization, Cookie, X-GitHub-OTP, Accept-Encoding', 'ETag': 'W/"2283cf7d4500cc1350e30218601c4660"', 'X-OAuth-Scopes': 'delete:packages, delete_repo, gist, read:packages, repo, write:packages', 'X-Accepted-OAuth-Scopes': '', 'X-GitHub-Media-Type': 'github.v3; format=json', 'Access-Control-Expose-Headers': 'ETag, Link, Location, Retry-After, X-GitHub-OTP, X-RateLimit-Limit, X-RateLimit-Remaining, X-RateLimit-Reset, X-OAuth-Scopes, X-Accepted-OAuth-Scopes, X-Poll-Interval, X-GitHub-Media-Type', 'Access-Control-Allow-Origin': '*', 'Strict-Transport-Security': 'max-age=31536000; includeSubdomains; preload', 'X-Frame-Options': 'deny', 'X-Content-Type-Options': 'nosniff', 'X-XSS-Protection': '1; mode=block', 'Referrer-Policy': 'origin-when-cross-origin, strict-origin-when-cross-origin', 'Content-Security-Policy': "default-src 'none'", 'Content-Encoding': 'gzip', 'X-GitHub-Request-Id': 'ED96:5B40:5462BD:6119D3:5E338D36'}
2020-01-31 13:13:10,533:root:INFO:sometjgnm
2020-01-31 13:59:57,383:__main__:INFO:Testing..
2020-01-31 13:59:58,168:root:INFO:authenticated successfully
2020-01-31 13:59:58,168:__main__:INFO:path exists...
2020-01-31 13:59:58,169:__main__:INFO:Checking gits repos for /home/preeyash/Desktop/Projects/Python.....
2020-01-31 13:59:58,169:__main__:INFO:git already initialised for /home/preeyash/Desktop/Projects/Python/WebScraper
2020-01-31 14:03:56,886:__main__:INFO:Testing..
2020-01-31 14:03:57,468:root:INFO:authenticated successfully
2020-01-31 14:03:57,469:__main__:INFO:path exists...
2020-01-31 14:03:57,469:__main__:INFO:Checking gits repos for /home/preeyash/Desktop/Projects/Python.....
2020-01-31 14:03:57,470:__main__:INFO:git already initialised for /home/preeyash/Desktop/Projects/Python/WebScraper
2020-01-31 14:04:23,627:__main__:INFO:Testing..
2020-01-31 14:04:24,170:root:INFO:authenticated successfully
2020-01-31 14:04:24,170:__main__:INFO:path exists...
2020-01-31 14:04:24,170:__main__:INFO:Checking gits repos for /home/preeyash/Desktop/Projects/Python.....
2020-01-31 14:04:24,171:__main__:INFO:git already initialised for /home/preeyash/Desktop/Projects/Python/WebScraper
2020-01-31 14:04:36,108:__main__:INFO:Testing..
2020-01-31 14:04:36,635:root:INFO:authenticated successfully
2020-01-31 14:04:36,636:__main__:INFO:path exists...
2020-01-31 14:04:36,636:__main__:INFO:Checking gits repos for /home/preeyash/Desktop/Projects/Python.....
2020-01-31 14:04:36,637:__main__:INFO:git already initialised for /home/preeyash/Desktop/Projects/Python/WebScraper
2020-01-31 14:06:29,058:__main__:INFO:Testing..
2020-01-31 14:06:29,615:root:INFO:authenticated successfully
2020-01-31 14:06:29,616:__main__:INFO:path exists...
2020-01-31 14:06:29,616:__main__:INFO:Checking gits repos for /home/preeyash/Desktop/Projects/Python.....
2020-01-31 14:06:29,617:__main__:INFO:git already initialised for /home/preeyash/Desktop/Projects/Python/WebScraper
2020-01-31 14:06:59,318:__main__:INFO:Testing..
2020-01-31 14:06:59,856:root:INFO:authenticated successfully
2020-01-31 14:06:59,857:__main__:INFO:path exists...
2020-01-31 14:06:59,857:__main__:INFO:Checking gits repos for /home/preeyash/Desktop/Projects/Python.....
2020-01-31 14:06:59,858:__main__:INFO:git already initialised for /home/preeyash/Desktop/Projects/Python/WebScraper
2020-01-31 14:10:00,914:__main__:INFO:Testing..
2020-01-31 14:10:02,691:root:INFO:authenticated successfully
2020-01-31 14:10:02,691:__main__:INFO:path exists...
2020-01-31 14:10:02,692:__main__:INFO:Checking gits repos for /home/preeyash/Desktop/Projects/Python.....
2020-01-31 14:10:02,693:__main__:INFO:git already initialised for /home/preeyash/Desktop/Projects/Python/WebScraper
2020-01-31 14:11:46,726:__main__:INFO:Testing..
2020-01-31 14:11:47,239:root:INFO:authenticated successfully
2020-01-31 14:11:47,239:__main__:INFO:path exists...
2020-01-31 14:11:47,239:__main__:INFO:Checking gits repos for /home/preeyash/Desktop/Projects/Python.....
2020-01-31 14:11:47,240:__main__:INFO:git already initialised for /home/preeyash/Desktop/Projects/Python/WebScraper
2020-01-31 14:11:47,511:root:ERROR:could not create
2020-01-31 14:11:47,512:__main__:INFO:git already initialised for /home/preeyash/Desktop/Projects/Python/SpriteWebsite
2020-01-31 14:11:48,999:root:INFO:successfully created repo SpriteWebsite....
2020-01-31 14:11:49,000:__main__:INFO:git already initialised for /home/preeyash/Desktop/Projects/Python/GitAutomation
2020-01-31 14:11:50,567:root:INFO:successfully created repo GitAutomation....
2020-01-31 14:16:30,990:__main__:INFO:Testing..
2020-01-31 14:16:31,563:root:INFO:authenticated successfully
2020-01-31 14:16:31,563:__main__:INFO:path exists...
2020-01-31 14:16:31,564:__main__:INFO:Checking gits repos for /home/preeyash/Desktop/Projects/Python.....
2020-01-31 14:16:31,564:__main__:INFO:git already initialised for /home/preeyash/Desktop/Projects/Python/WebScraper
2020-01-31 14:16:31,839:root:WARNING:Repo already exists 
2020-01-31 14:16:31,839:__main__:INFO:git already initialised for /home/preeyash/Desktop/Projects/Python/SpriteWebsite
2020-01-31 14:16:32,717:root:WARNING:Repo already exists 
2020-01-31 14:16:32,718:__main__:INFO:git already initialised for /home/preeyash/Desktop/Projects/Python/GitAutomation
2020-01-31 14:16:33,009:root:WARNING:Repo already exists 
2020-01-31 14:16:53,623:__main__:INFO:Testing..
2020-01-31 14:16:54,159:root:INFO:authenticated successfully
2020-01-31 14:16:54,160:__main__:INFO:path exists...
2020-01-31 14:16:54,160:__main__:INFO:Checking gits repos for /home/preeyash/Desktop/Projects/Python.....
2020-01-31 14:16:54,161:__main__:INFO:git already initialised for /home/preeyash/Desktop/Projects/Python/WebScraper
2020-01-31 14:16:54,424:root:WARNING:Repo already exists for WebScraper....
2020-01-31 14:16:54,426:__main__:INFO:git already initialised for /home/preeyash/Desktop/Projects/Python/SpriteWebsite
2020-01-31 14:16:54,701:root:WARNING:Repo already exists for SpriteWebsite....
2020-01-31 14:16:54,702:__main__:INFO:git already initialised for /home/preeyash/Desktop/Projects/Python/GitAutomation
2020-01-31 14:16:55,013:root:WARNING:Repo already exists for GitAutomation....
2020-01-31 14:21:17,683:__main__:INFO:Testing..
2020-01-31 14:21:18,214:root:ERROR:200
2020-01-31 14:21:18,214:__main__:INFO:path exists...
2020-01-31 14:21:18,215:__main__:INFO:Checking gits repos for /home/preeyash/Desktop/Projects/Python.....
2020-01-31 14:21:18,215:__main__:INFO:git already initialised for /home/preeyash/Desktop/Projects/Python/WebScraper
2020-01-31 14:21:18,479:root:WARNING:Repo already exists for WebScraper....
2020-01-31 14:21:18,479:__main__:INFO:git already initialised for /home/preeyash/Desktop/Projects/Python/SpriteWebsite
2020-01-31 14:21:18,740:root:WARNING:Repo already exists for SpriteWebsite....
2020-01-31 14:21:18,740:__main__:INFO:git already initialised for /home/preeyash/Desktop/Projects/Python/GitAutomation
2020-01-31 14:21:19,014:root:WARNING:Repo already exists for GitAutomation....
2020-01-31 15:20:39,694:__main__:INFO:Testing..
2020-01-31 15:20:40,250:root:ERROR:200
2020-01-31 15:20:40,250:__main__:INFO:path exists...
2020-01-31 15:20:40,250:__main__:INFO:Checking gits repos for /home/preeyash/Desktop/Projects/Python.....
2020-01-31 15:20:40,251:__main__:INFO:git already initialised for /home/preeyash/Desktop/Projects/Python/WebScraper
2020-01-31 15:20:40,524:root:WARNING:Repo already exists for WebScraper....
2020-01-31 15:20:40,577:root:INFO:Project pushed to the repository for {args[0]}...
2020-01-31 15:20:40,579:__main__:INFO:git already initialised for /home/preeyash/Desktop/Projects/Python/SpriteWebsite
2020-01-31 15:20:40,854:root:WARNING:Repo already exists for SpriteWebsite....
2020-01-31 15:20:40,870:root:INFO:Project pushed to the repository for {args[0]}...
2020-01-31 15:20:40,871:__main__:INFO:git already initialised for /home/preeyash/Desktop/Projects/Python/GitAutomation
2020-01-31 15:20:41,140:root:WARNING:Repo already exists for GitAutomation....
2020-01-31 15:20:41,185:root:INFO:Project pushed to the repository for {args[0]}...
2020-01-31 15:23:18,641:__main__:INFO:Testing..
2020-01-31 15:23:19,216:root:ERROR:200
2020-01-31 15:23:19,216:__main__:INFO:path exists...
2020-01-31 15:23:19,217:__main__:INFO:Checking gits repos for /home/preeyash/Desktop/Projects/Python.....
2020-01-31 15:23:19,217:__main__:INFO:git already initialised for /home/preeyash/Desktop/Projects/Python/WebScraper
2020-01-31 15:23:19,490:root:WARNING:Repo already exists for WebScraper....
2020-01-31 15:23:19,496:root:INFO:Project pushed to the repository for WebScraper...
2020-01-31 15:23:19,497:__main__:INFO:git already initialised for /home/preeyash/Desktop/Projects/Python/SpriteWebsite
2020-01-31 15:23:19,779:root:WARNING:Repo already exists for SpriteWebsite....
2020-01-31 15:23:19,795:root:INFO:Project pushed to the repository for SpriteWebsite...
2020-01-31 15:23:19,796:__main__:INFO:git already initialised for /home/preeyash/Desktop/Projects/Python/GitAutomation
2020-01-31 15:23:20,076:root:WARNING:Repo already exists for GitAutomation....
2020-01-31 15:23:20,092:root:INFO:Project pushed to the repository for GitAutomation...
2020-01-31 15:28:12,102:__main__:INFO:Testing..
2020-01-31 15:28:12,670:root:ERROR:200
2020-01-31 15:28:12,671:__main__:INFO:path exists...
2020-01-31 15:28:12,671:__main__:INFO:Checking gits repos for /home/preeyash/Desktop/Projects/Python.....
2020-01-31 15:28:12,672:__main__:INFO:git already initialised for /home/preeyash/Desktop/Projects/Python/WebScraper
2020-01-31 15:28:12,940:root:WARNING:Repo already exists for WebScraper....
2020-01-31 15:28:12,949:root:INFO:Project pushed to the repository for WebScraper...
2020-01-31 15:28:12,951:__main__:INFO:git already initialised for /home/preeyash/Desktop/Projects/Python/SpriteWebsite
2020-01-31 15:28:13,220:root:WARNING:Repo already exists for SpriteWebsite....
2020-01-31 15:28:13,225:root:INFO:Project pushed to the repository for SpriteWebsite...
2020-01-31 15:28:13,226:__main__:INFO:git already initialised for /home/preeyash/Desktop/Projects/Python/GitAutomation
2020-01-31 15:28:13,502:root:WARNING:Repo already exists for GitAutomation....
2020-01-31 15:28:13,511:root:INFO:Project pushed to the repository for GitAutomation...
2020-01-31 15:45:25,638:__main__:INFO:Testing..
2020-01-31 15:45:26,250:root:ERROR:200
2020-01-31 15:45:26,251:__main__:INFO:path exists...
2020-01-31 15:45:26,252:__main__:INFO:Checking gits repos for /home/preeyash/Desktop/Projects/Python.....
2020-01-31 15:45:26,252:__main__:INFO:git already initialised for /home/preeyash/Desktop/Projects/Python/WebScraper
2020-01-31 15:45:26,579:root:WARNING:Repo already exists for WebScraper....
2020-01-31 15:45:26,580:root:INFO:Project pushed to the repository for WebScraper...
2020-01-31 15:45:26,580:__main__:INFO:git already initialised for /home/preeyash/Desktop/Projects/Python/SpriteWebsite
2020-01-31 15:45:26,851:root:WARNING:Repo already exists for SpriteWebsite....
2020-01-31 15:45:26,852:root:INFO:Project pushed to the repository for SpriteWebsite...
2020-01-31 15:45:26,852:__main__:INFO:git already initialised for /home/preeyash/Desktop/Projects/Python/GitAutomation
2020-01-31 15:45:27,132:root:WARNING:Repo already exists for GitAutomation....
2020-01-31 15:45:27,133:root:INFO:Project pushed to the repository for GitAutomation...
2020-01-31 17:29:36,680:__main__:INFO:Testing..
2020-01-31 17:29:37,354:root:ERROR:200
2020-01-31 17:29:37,355:__main__:INFO:path exists...
2020-01-31 17:29:37,355:__main__:INFO:Checking gits repos for /home/preeyash/Desktop/Projects/Python.....
2020-01-31 17:29:37,356:__main__:INFO:git already initialised for /home/preeyash/Desktop/Projects/Python/WebScraper
2020-01-31 17:29:37,666:root:WARNING:Repo already exists for WebScraper....
2020-01-31 17:29:59,688:__main__:INFO:Testing..
2020-01-31 17:30:00,334:root:ERROR:200
2020-01-31 17:30:00,335:__main__:INFO:path exists...
2020-01-31 17:30:00,335:__main__:INFO:Checking gits repos for /home/preeyash/Desktop/Projects/Python.....
2020-01-31 17:30:00,336:__main__:INFO:git already initialised for /home/preeyash/Desktop/Projects/Python/WebScraper
2020-01-31 17:30:00,701:root:WARNING:Repo already exists for WebScraper....
2020-01-31 17:30:33,269:__main__:INFO:Testing..
2020-01-31 17:30:33,879:root:ERROR:200
2020-01-31 17:30:33,880:__main__:INFO:path exists...
2020-01-31 17:30:33,880:__main__:INFO:Checking gits repos for /home/preeyash/Desktop/Projects/Python.....
2020-01-31 17:30:33,881:__main__:INFO:git already initialised for /home/preeyash/Desktop/Projects/Python/WebScraper
2020-01-31 17:30:34,186:root:WARNING:Repo already exists for WebScraper....
2020-01-31 17:30:34,428:root:INFO:Project pushed to the repository for WebScraper...
2020-01-31 17:30:34,430:__main__:INFO:git already initialised for /home/preeyash/Desktop/Projects/Python/SpriteWebsite
2020-01-31 17:30:34,800:root:WARNING:Repo already exists for SpriteWebsite....
2020-01-31 17:30:34,843:root:INFO:Project pushed to the repository for SpriteWebsite...
2020-01-31 17:30:34,845:__main__:INFO:git already initialised for /home/preeyash/Desktop/Projects/Python/GitAutomation
2020-01-31 17:30:35,209:root:WARNING:Repo already exists for GitAutomation....
2020-01-31 17:30:35,251:root:INFO:Project pushed to the repository for GitAutomation...
2020-01-31 17:34:13,937:__main__:INFO:Testing..
2020-01-31 17:34:14,648:root:ERROR:200
2020-01-31 17:34:14,649:__main__:INFO:path exists...
2020-01-31 17:34:14,649:__main__:INFO:Checking gits repos for /home/preeyash/Desktop/Projects/Python.....
2020-01-31 17:34:14,650:__main__:INFO:git already initialised for /home/preeyash/Desktop/Projects/Python/WebScraper
2020-01-31 17:34:14,904:root:WARNING:Repo already exists for WebScraper....
2020-01-31 17:34:27,280:__main__:INFO:Testing..
2020-01-31 17:34:28,062:root:ERROR:200
2020-01-31 17:34:28,063:__main__:INFO:path exists...
2020-01-31 17:34:28,063:__main__:INFO:Checking gits repos for /home/preeyash/Desktop/Projects/Python.....
2020-01-31 17:34:28,064:__main__:INFO:git already initialised for /home/preeyash/Desktop/Projects/Python/WebScraper
2020-01-31 17:34:28,372:root:WARNING:Repo already exists for WebScraper....
2020-01-31 17:34:28,377:root:INFO:/home/preeyash/Desktop/Projects/Python/GitAutomation
2020-01-31 17:34:28,378:root:INFO:Project pushed to the repository for WebScraper...
2020-01-31 17:34:28,379:__main__:INFO:git already initialised for /home/preeyash/Desktop/Projects/Python/SpriteWebsite
2020-01-31 17:34:28,655:root:WARNING:Repo already exists for SpriteWebsite....
2020-01-31 17:34:28,659:root:INFO:/home/preeyash/Desktop/Projects/Python/GitAutomation
2020-01-31 17:34:28,660:root:INFO:Project pushed to the repository for SpriteWebsite...
2020-01-31 17:34:28,661:__main__:INFO:git already initialised for /home/preeyash/Desktop/Projects/Python/GitAutomation
2020-01-31 17:34:28,984:root:WARNING:Repo already exists for GitAutomation....
2020-01-31 17:34:28,989:root:INFO:/home/preeyash/Desktop/Projects/Python/GitAutomation
2020-01-31 17:34:28,990:root:INFO:Project pushed to the repository for GitAutomation...
2020-01-31 17:35:41,691:__main__:INFO:Testing..
2020-01-31 17:35:42,344:root:ERROR:200
2020-01-31 17:35:42,345:__main__:INFO:path exists...
2020-01-31 17:35:42,345:__main__:INFO:Checking gits repos for /home/preeyash/Desktop/Projects/Python.....
2020-01-31 17:35:42,346:__main__:INFO:git already initialised for /home/preeyash/Desktop/Projects/Python/WebScraper
2020-01-31 17:35:42,712:root:WARNING:Repo already exists for WebScraper....
2020-01-31 17:40:44,671:__main__:INFO:Testing..
2020-01-31 17:40:45,346:root:ERROR:200
2020-01-31 17:40:45,348:__main__:INFO:path exists...
2020-01-31 17:40:45,348:__main__:INFO:Checking gits repos for /home/preeyash/Desktop/Projects/Python.....
2020-01-31 17:40:45,349:__main__:INFO:git already initialised for /home/preeyash/Desktop/Projects/Python/WebScraper
2020-01-31 17:40:45,856:root:WARNING:Repo already exists for WebScraper....
2020-01-31 17:50:59,481:__main__:INFO:Testing..
2020-01-31 17:51:00,127:root:ERROR:200
2020-01-31 17:51:00,127:__main__:INFO:path exists...
2020-01-31 17:51:00,127:__main__:INFO:Checking gits repos for /home/preeyash/Desktop/Projects/Python.....
2020-01-31 17:51:00,128:__main__:INFO:git already initialised for /home/preeyash/Desktop/Projects/Python/WebScraper
2020-01-31 17:51:00,499:root:WARNING:Repo already exists for WebScraper....
2020-01-31 17:51:31,313:__main__:INFO:Testing..
2020-01-31 17:51:31,875:root:ERROR:200
2020-01-31 17:51:31,875:__main__:INFO:path exists...
2020-01-31 17:51:31,876:__main__:INFO:Checking gits repos for /home/preeyash/Desktop/Projects/Python.....
2020-01-31 17:51:31,876:__main__:INFO:git already initialised for /home/preeyash/Desktop/Projects/Python/WebScraper
2020-01-31 17:51:32,244:root:WARNING:Repo already exists for WebScraper....
2020-01-31 17:51:32,359:root:INFO:/home/preeyash/Desktop/Projects/Python/WebScraper
2020-01-31 17:51:32,360:root:INFO:Project pushed to the repository for WebScraper...
2020-01-31 17:51:32,361:__main__:INFO:git already initialised for /home/preeyash/Desktop/Projects/Python/SpriteWebsite
2020-01-31 17:51:32,655:root:WARNING:Repo already exists for SpriteWebsite....
2020-01-31 17:51:32,697:root:INFO:/home/preeyash/Desktop/Projects/Python/SpriteWebsite
2020-01-31 17:51:32,698:root:INFO:Project pushed to the repository for SpriteWebsite...
2020-01-31 17:51:32,699:__main__:INFO:git already initialised for /home/preeyash/Desktop/Projects/Python/GitAutomation
2020-01-31 17:51:32,976:root:WARNING:Repo already exists for GitAutomation....
2020-01-31 17:51:33,012:root:INFO:/home/preeyash/Desktop/Projects/Python/GitAutomation
2020-01-31 17:51:33,014:root:INFO:Project pushed to the repository for GitAutomation...
2020-01-31 17:57:17,329:__main__:INFO:Testing..
2020-01-31 17:57:17,951:root:ERROR:200
2020-01-31 17:57:17,951:__main__:INFO:path exists...
2020-01-31 17:57:17,952:__main__:INFO:Checking gits repos for /home/preeyash/Desktop/Projects/Python.....
2020-01-31 17:57:17,952:__main__:INFO:git already initialised for /home/preeyash/Desktop/Projects/Python/WebScraper
2020-01-31 17:57:18,361:root:WARNING:Repo already exists for WebScraper....
2020-01-31 17:57:18,397:root:INFO:/home/preeyash/Desktop/Projects/Python/WebScraper
2020-01-31 17:57:18,398:root:INFO:/home/preeyash/Desktop/Projects/Python/WebScraperchecking.....
2020-01-31 17:57:18,399:root:INFO:Project pushed to the repository for WebScraper...
2020-01-31 17:57:18,400:__main__:INFO:git already initialised for /home/preeyash/Desktop/Projects/Python/SpriteWebsite
2020-01-31 17:57:18,771:root:WARNING:Repo already exists for SpriteWebsite....
2020-01-31 17:57:18,806:root:INFO:/home/preeyash/Desktop/Projects/Python/SpriteWebsite
2020-01-31 17:57:18,807:root:INFO:/home/preeyash/Desktop/Projects/Python/SpriteWebsitechecking.....
2020-01-31 17:57:18,808:root:INFO:Project pushed to the repository for SpriteWebsite...
2020-01-31 17:57:18,809:__main__:INFO:git already initialised for /home/preeyash/Desktop/Projects/Python/GitAutomation
2020-01-31 17:57:19,180:root:WARNING:Repo already exists for GitAutomation....
2020-01-31 17:57:19,217:root:INFO:/home/preeyash/Desktop/Projects/Python/GitAutomation
2020-01-31 17:57:19,219:root:INFO:/home/preeyash/Desktop/Projects/Python/GitAutomationchecking.....
2020-01-31 17:57:19,219:root:INFO:Project pushed to the repository for GitAutomation...
2020-01-31 18:02:55,785:__main__:INFO:Testing..
2020-01-31 18:02:56,385:root:ERROR:200
2020-01-31 18:02:56,385:__main__:INFO:path exists...
2020-01-31 18:02:56,386:__main__:INFO:Checking gits repos for /home/preeyash/Desktop/Projects/Python.....
2020-01-31 18:02:56,461:__main__:INFO:git initialised
2020-01-31 18:02:56,797:root:WARNING:Repo already exists for WebScraper....
2020-01-31 18:02:56,835:root:INFO:/home/preeyash/Desktop/Projects/Python/WebScraper
2020-01-31 18:02:56,836:root:INFO:/home/preeyash/Desktop/Projects/Python/WebScraper checking.....
2020-01-31 18:02:56,837:root:INFO:Project pushed to the repository for WebScraper...
2020-01-31 18:02:56,851:__main__:INFO:git initialised
2020-01-31 18:02:57,204:root:WARNING:Repo already exists for SpriteWebsite....
2020-01-31 18:02:57,241:root:INFO:/home/preeyash/Desktop/Projects/Python/SpriteWebsite
2020-01-31 18:02:57,242:root:INFO:/home/preeyash/Desktop/Projects/Python/SpriteWebsite checking.....
2020-01-31 18:02:57,243:root:INFO:Project pushed to the repository for SpriteWebsite...
2020-01-31 18:02:57,257:__main__:INFO:git initialised
2020-01-31 18:02:57,538:root:WARNING:Repo already exists for GitAutomation....
2020-01-31 18:02:57,576:root:INFO:/home/preeyash/Desktop/Projects/Python/GitAutomation
2020-01-31 18:02:57,577:root:INFO:/home/preeyash/Desktop/Projects/Python/GitAutomation checking.....
2020-01-31 18:02:57,578:root:INFO:Project pushed to the repository for GitAutomation...
2020-01-31 18:13:41,297:__main__:INFO:Testing..
2020-01-31 18:13:41,964:root:ERROR:200
2020-01-31 18:13:41,964:__main__:INFO:path exists...
2020-01-31 18:13:41,964:__main__:INFO:Checking gits repos for /home/preeyash/Desktop/Projects/Python.....
2020-01-31 18:13:41,965:__main__:INFO:git already initialised for /home/preeyash/Desktop/Projects/Python/WebScraper
2020-01-31 18:13:42,250:root:WARNING:Repo already exists for WebScraper....
2020-01-31 18:14:12,725:root:INFO:/home/preeyash/Desktop/Projects/Python/WebScraper
2020-01-31 18:14:12,727:root:INFO:/home/preeyash/Desktop/Projects/Python/WebScraper checking.....
2020-01-31 18:14:12,727:root:INFO:Project pushed to the repository for WebScraper...
2020-01-31 18:14:12,729:__main__:INFO:git already initialised for /home/preeyash/Desktop/Projects/Python/SpriteWebsite
2020-01-31 18:14:13,022:root:WARNING:Repo already exists for SpriteWebsite....
2020-01-31 18:14:13,078:root:INFO:/home/preeyash/Desktop/Projects/Python/SpriteWebsite
2020-01-31 18:14:13,079:root:INFO:/home/preeyash/Desktop/Projects/Python/SpriteWebsite checking.....
2020-01-31 18:14:13,080:root:INFO:Project pushed to the repository for SpriteWebsite...
2020-01-31 18:14:13,081:__main__:INFO:git already initialised for /home/preeyash/Desktop/Projects/Python/GitAutomation
2020-01-31 18:14:13,716:root:WARNING:Repo already exists for GitAutomation....
